<?xml version="1.0" encoding="UTF-8"?>
<testsuite name="org.example.MoneyManyParamsAnnotationTest" tests="3" skipped="0" failures="0" errors="0" timestamp="2024-04-07T21:14:32" hostname="luis-GF65" time="0.012">
  <properties/>
  <testcase name="[1] 10, USD" classname="org.example.MoneyManyParamsAnnotationTest" time="0.006"/>
  <testcase name="[2] 15, eur" classname="org.example.MoneyManyParamsAnnotationTest" time="0.001"/>
  <testcase name="[3] 50, CHF" classname="org.example.MoneyManyParamsAnnotationTest" time="0.001"/>
  <system-out><![CDATA[]]></system-out>
  <system-err><![CDATA[]]></system-err>
</testsuite>
