<?xml version="1.0" encoding="UTF-8"?>
<testsuite name="test.collective.SimpleAgedCacheTest" tests="4" skipped="0" failures="0" errors="0" timestamp="2024-05-07T20:10:31" hostname="luis-GF65" time="0.018">
  <properties/>
  <testcase name="getExpired()" classname="test.collective.SimpleAgedCacheTest" time="0.014"/>
  <testcase name="get()" classname="test.collective.SimpleAgedCacheTest" time="0.0"/>
  <testcase name="size()" classname="test.collective.SimpleAgedCacheTest" time="0.001"/>
  <testcase name="isEmpty()" classname="test.collective.SimpleAgedCacheTest" time="0.001"/>
  <system-out><![CDATA[-----------------------------------------------------
-----------------------------------------------------
-----------------------------------------------------
-----------------------------------------------------
]]></system-out>
  <system-err><![CDATA[]]></system-err>
</testsuite>
