<?xml version="1.0" encoding="UTF-8"?>
<testsuite name="org.example.WordTest" tests="2" skipped="0" failures="0" errors="0" timestamp="2024-05-08T13:21:15" hostname="luis-GF65" time="0.098">
  <properties/>
  <testcase name="oneCorrectLetter()" classname="org.example.WordTest" time="0.097"/>
  <testcase name="oneIncorrectLetter()" classname="org.example.WordTest" time="0.001"/>
  <system-out><![CDATA[]]></system-out>
  <system-err><![CDATA[]]></system-err>
</testsuite>
