<?xml version="1.0" encoding="UTF-8"?>
<testsuite name="org.example.MoneyIATest" tests="3" skipped="0" failures="0" errors="0" timestamp="2024-04-07T21:14:32" hostname="luis-GF65" time="0.076">
  <properties/>
  <testcase name="[1] -1234" classname="org.example.MoneyIATest" time="0.067"/>
  <testcase name="[2] -42" classname="org.example.MoneyIATest" time="0.001"/>
  <testcase name="[3] -1" classname="org.example.MoneyIATest" time="0.002"/>
  <system-out><![CDATA[]]></system-out>
  <system-err><![CDATA[]]></system-err>
</testsuite>
