<?xml version="1.0" encoding="UTF-8"?>
<testsuite name="org.example.MoneyOneParamAnnotationTest" tests="3" skipped="0" failures="0" errors="0" timestamp="2024-04-07T21:14:32" hostname="luis-GF65" time="0.005">
  <properties/>
  <testcase name="[1] 10" classname="org.example.MoneyOneParamAnnotationTest" time="0.0"/>
  <testcase name="[2] 15" classname="org.example.MoneyOneParamAnnotationTest" time="0.0"/>
  <testcase name="[3] 20" classname="org.example.MoneyOneParamAnnotationTest" time="0.001"/>
  <system-out><![CDATA[]]></system-out>
  <system-err><![CDATA[]]></system-err>
</testsuite>
