<?xml version="1.0" encoding="UTF-8"?>
<testsuite name="com.wordz.domain.WordTest" tests="4" skipped="0" failures="0" errors="0" timestamp="2024-05-07T02:02:45" hostname="luis-GF65" time="0.037">
  <properties/>
  <testcase name="oneCorrectLetter()" classname="com.wordz.domain.WordTest" time="0.034"/>
  <testcase name="allScoreCombinations()" classname="com.wordz.domain.WordTest" time="0.0"/>
  <testcase name="secondLetterWrongPosition()" classname="com.wordz.domain.WordTest" time="0.0"/>
  <testcase name="oneIncorrectLetter()" classname="com.wordz.domain.WordTest" time="0.001"/>
  <system-out><![CDATA[]]></system-out>
  <system-err><![CDATA[]]></system-err>
</testsuite>
