<?xml version="1.0" encoding="UTF-8"?>
<testsuite name="org.example.WordTest" tests="4" skipped="0" failures="0" errors="0" timestamp="2024-05-08T14:20:07" hostname="luis-GF65" time="0.098">
  <properties/>
  <testcase name="oneCorrectLetter()" classname="org.example.WordTest" time="0.094"/>
  <testcase name="allScoreCombinations()" classname="org.example.WordTest" time="0.001"/>
  <testcase name="secondLetterWrongPosition()" classname="org.example.WordTest" time="0.0"/>
  <testcase name="oneIncorrectLetter()" classname="org.example.WordTest" time="0.001"/>
  <system-out><![CDATA[]]></system-out>
  <system-err><![CDATA[]]></system-err>
</testsuite>
